<?xml version="1.0" encoding="UTF-8"?>
<testsuite xmlns:xsi="http://www.w3.org/2001/XMLSchema-instance" xsi:noNamespaceSchemaLocation="https://maven.apache.org/surefire/maven-surefire-plugin/xsd/surefire-test-report-3.0.xsd" version="3.0" name="com.moderneinstein.logical.algorithms.AppTest" time="0.006" tests="1" errors="0" skipped="0" failures="0">
  <properties>
[...]
</properties>
  <testcase name="shouldAnswerWithTrue" classname="com.moderneinstein.logical.algorithms.AppTest" time="0.005">
    <system-out><![CDATA[xml::{version=[2.1]}
{artifactId=[artifactId:maven-clean-plugin:{}, artifactId:maven-resources-plugin:{}], plugin=[plugin::{}, plugin::{}], pluginManagement=[pluginManagement::{}], plugins=[plugins::{}], version=[version:3.1.0:{}, version:3.0.2:{}], xml=[xml::{version=[2.1]}]}
[[xml::{version=[2.1]}], [pluginManagement::{}], [plugins::{}], [plugin::{}, plugin::{}], [artifactId:maven-clean-plugin:{}, version:3.1.0:{}, artifactId:maven-resources-plugin:{}, version:3.0.2:{}]]

<xml encoding=UTF-8 version=1.0 ><attempt class=frames ><alias width=30px >Trials</alias></attempt><parse id=tracks ><alias height=40px >plans</alias></parse></xml>
true
<xml encoding=UTF-8 version=1.0 ><attempt class=frames ><alias width=30px >Trials</alias></attempt><parse id=tracks ><alias height=40px >plans</alias></parse></xml> 

<dependency ><groupId >junit</groupId><artifactId >junit</artifactId><version >4.11</version><scope >test</scope></dependency>
true
<dependency ><groupId >junit</groupId><artifactId >junit</artifactId><version >4.11</version><scope >test</scope></dependency> 


]]></system-out>
  </testcase>
</testsuite>