<?xml version="1.0" encoding="UTF-8"?>
<testsuite xmlns:xsi="http://www.w3.org/2001/XMLSchema-instance" xsi:noNamespaceSchemaLocation="https://maven.apache.org/surefire/maven-surefire-plugin/xsd/surefire-test-report-3.0.xsd" version="3.0" name="com.moderneinstein.logical.algorithms.SerialTest" time="0.047" tests="1" errors="0" skipped="0" failures="0">
  <properties>
[...]
</properties>
  <testcase name="test5" classname="com.moderneinstein.logical.algorithms.SerialTest" time="0.047">
    <system-out><![CDATA[com.moderneinstein.logical.algorithms.SerialTest.TestClass1
[com.moderneinstein.logical.algorithms.SerialTest$TestClass1]
java.lang.Object
[java.lang.Object, com.moderneinstein.logical.algorithms.SerialTest$TestClass1]
False
Memorised
Memorised
Memorised
[[com.moderneinstein.logical.algorithms.SerialTest.TestClass1::{}], [java.lang.String:Straight:{}, java.lang.String:Straps:{}]]
{com.moderneinstein.logical.algorithms.SerialTest.TestClass1=[com.moderneinstein.logical.algorithms.SerialTest.TestClass1::{}], java.lang.String=[java.lang.String:Straight:{}, java.lang.String:Straps:{}]}
<com.moderneinstein.logical.algorithms.SerialTest.TestClass1 ><java.lang.String >Straight</java.lang.String><java.lang.String >Straps</java.lang.String></com.moderneinstein.logical.algorithms.SerialTest.TestClass1>
java.lang.String
Memorised
Memorised
Memorised
Memorised
[[com.moderneinstein.logical.algorithms.SerialTest.TestClass1::{}], [java.lang.String:Trials:{}, java.lang.String:Verse:{}]]
{com.moderneinstein.logical.algorithms.SerialTest.TestClass1=[com.moderneinstein.logical.algorithms.SerialTest.TestClass1::{}], java.lang.String=[java.lang.String:Trials:{}, java.lang.String:Verse:{}]}
<com.moderneinstein.logical.algorithms.SerialTest.TestClass1 ><java.lang.String >Trials</java.lang.String><java.lang.String >Verse</java.lang.String></com.moderneinstein.logical.algorithms.SerialTest.TestClass1>
java.lang.String
construct instance
[[xml::{version=[1.0]}], [groupId:com.moderneinstein.logical.algorithms:{}, artifactId:xml-parser:{}, version:2.4:{}, name:xml-parser:{}]]
com.moderneinstein.logical.algorithms.XMLCore
[com.moderneinstein.logical.algorithms.XMLCore]
java.lang.Object
[java.lang.Object, com.moderneinstein.logical.algorithms.XMLCore]
False
Memorised
Memorised
Memorised
com.moderneinstein.logical.algorithms.XMLElement
[com.moderneinstein.logical.algorithms.XMLElement]
java.lang.Object
[com.moderneinstein.logical.algorithms.XMLElement, java.lang.Object]
java.lang.Comparable
[com.moderneinstein.logical.algorithms.XMLElement, java.lang.Object, java.lang.Comparable]
java.lang.Cloneable
[java.lang.Cloneable, com.moderneinstein.logical.algorithms.XMLElement, java.lang.Object, java.lang.Comparable]
False
Memorised
Memorised
Memorised
java.util.Vector
[java.util.Vector]
java.util.AbstractList
[java.util.Vector, java.util.AbstractList]
java.util.List
[java.util.List, java.util.Vector, java.util.AbstractList]
java.util.RandomAccess
[java.util.RandomAccess, java.util.List, java.util.Vector, java.util.AbstractList]
java.lang.Cloneable
[java.util.RandomAccess, java.util.List, java.lang.Cloneable, java.util.Vector, java.util.AbstractList]
java.io.Serializable
[java.util.RandomAccess, java.util.List, java.lang.Cloneable, java.util.Vector, java.util.AbstractList, java.io.Serializable]
java.util.AbstractCollection
[java.util.RandomAccess, java.util.List, java.lang.Cloneable, java.util.AbstractCollection, java.util.Vector, java.util.AbstractList, java.io.Serializable]
java.util.List
java.util.Collection
[java.util.RandomAccess, java.util.List, java.lang.Cloneable, java.util.AbstractCollection, java.util.Vector, java.util.Collection, java.util.AbstractList, java.io.Serializable]
java.lang.Object
[java.util.RandomAccess, java.util.List, java.lang.Cloneable, java.util.AbstractCollection, java.util.Vector, java.util.Collection, java.util.AbstractList, java.lang.Object, java.io.Serializable]
java.util.Collection
java.lang.Iterable
[java.util.RandomAccess, java.util.List, java.lang.Cloneable, java.util.AbstractCollection, java.util.Vector, java.util.Collection, java.util.AbstractList, java.lang.Object, java.lang.Iterable, java.io.Serializable]
False
Memorised
Memorised
Memorised
Memorised
Memorised
Memorised
Memorised
Memorised
Memorised
Memorised
Memorised
java.lang.String[]
[[Ljava.lang.String;]
java.lang.Object
[java.lang.Object, [Ljava.lang.String;]
java.lang.Cloneable
[java.lang.Cloneable, java.lang.Object, [Ljava.lang.String;]
java.io.Serializable
[java.lang.Cloneable, java.lang.Object, [Ljava.lang.String;, java.io.Serializable]
False
Memorised
Memorised
Memorised
Memorised
Memorised
Memorised
Memorised
Memorised
Memorised
Memorised
Memorised
Memorised
Memorised
Memorised
Memorised
Memorised
Memorised
Memorised
Memorised
{artifactId=[artifactId:maven-jar-plugin:{}], groupId=[groupId:org.apache.maven.plugins:{}], plugin=[plugin::{}], version=[version:3.0.2:{}]}
Memorised
Memorised
Memorised
Memorised
Memorised
Memorised
Memorised
Memorised
Memorised
Memorised
Memorised
Memorised
Memorised
Memorised
Memorised
Memorised
Memorised
Memorised
Memorised
Memorised
Memorised
Memorised
Memorised
Memorised
Memorised
Memorised
Memorised
Memorised
Memorised
Memorised
Memorised
Memorised
Memorised
Memorised
Memorised
Memorised
Memorised
Memorised
Memorised
Memorised
Memorised
Memorised
Memorised
Memorised
Memorised
Memorised
Memorised
Memorised
Memorised
Memorised
Memorised
Memorised
Memorised
Memorised
Memorised
Memorised
Memorised
Memorised
Memorised
Memorised
Memorised
Memorised
Memorised
Memorised
Memorised
Memorised
Memorised
Memorised
Memorised
Memorised
[[com.moderneinstein.logical.algorithms.XMLCore::{}], [com.moderneinstein.logical.algorithms.XMLElement::{}, java.util.Vector::{}, null:null:{}, java.lang.String[]::{}, java.lang.String[]::{}, java.lang.String[]::{}, java.lang.Character:=:{}, java.lang.Character: :{}], [java.lang.Character:::{}, com.moderneinstein.logical.algorithms.XMLCore::{}, com.moderneinstein.logical.algorithms.XMLCore::{}, com.moderneinstein.logical.algorithms.XMLCore::{}, com.moderneinstein.logical.algorithms.XMLCore::{}], [com.moderneinstein.logical.algorithms.XMLElement::{}, java.util.Vector::{}, null:null:{}, java.lang.String[]::{}, java.lang.String[]::{}, java.lang.String[]::{}, java.lang.Character:=:{}, java.lang.Character: :{}, com.moderneinstein.logical.algorithms.XMLElement::{}, java.util.Vector::{}, null:null:{}, java.lang.String[]::{}, java.lang.String[]::{}, java.lang.String[]::{}, java.lang.Character:=:{}, java.lang.Character: :{}, com.moderneinstein.logical.algorithms.XMLElement::{}, java.util.Vector::{}, null:null:{}, java.lang.String[]::{}, java.lang.String[]::{}, java.lang.String[]::{}, java.lang.Character:=:{}, java.lang.Character: :{}, com.moderneinstein.logical.algorithms.XMLElement::{}, java.util.Vector::{}, null:null:{}, java.lang.String[]::{}, java.lang.String[]::{}, java.lang.String[]::{}, java.lang.Character:=:{}, java.lang.Character: :{}], [java.lang.Character:::{}, java.lang.Character:::{}, java.lang.Character:::{}, java.lang.Character:::{}]]
]]></system-out>
  </testcase>
</testsuite>